<?xml version="1.0" encoding="UTF-8"?>
<testng-results skipped="0" failed="0" ignored="0" total="1" passed="1">
  <reporter-output>
    <line>
      <![CDATA[Openapplication]]>
    </line>
    <line>
      <![CDATA[Loginapplication]]>
    </line>
    <line>
      <![CDATA[Search hotel]]>
    </line>
    <line>
      <![CDATA[select hotel]]>
    </line>
    <line>
      <![CDATA[logout application]]>
    </line>
    <line>
      <![CDATA[loginAgain application]]>
    </line>
    <line>
      <![CDATA[close application]]>
    </line>
  </reporter-output>
  <suite name="Default suite" duration-ms="23367" started-at="2019-09-27T06:46:55Z" finished-at="2019-09-27T06:47:19Z">
    <groups>
    </groups>
    <test name="Default test" duration-ms="23367" started-at="2019-09-27T06:46:55Z" finished-at="2019-09-27T06:47:19Z">
      <class name="testOutput.TC_Adactin_101">
        <test-method status="PASS" signature="adactin()[pri:0, instance:testOutput.TC_Adactin_101@6979e8cb]" name="adactin" duration-ms="23305" started-at="2019-09-27T06:46:56Z" finished-at="2019-09-27T06:47:19Z">
          <reporter-output>
            <line>
              <![CDATA[Openapplication]]>
            </line>
            <line>
              <![CDATA[Loginapplication]]>
            </line>
            <line>
              <![CDATA[Search hotel]]>
            </line>
            <line>
              <![CDATA[select hotel]]>
            </line>
            <line>
              <![CDATA[logout application]]>
            </line>
            <line>
              <![CDATA[loginAgain application]]>
            </line>
            <line>
              <![CDATA[close application]]>
            </line>
          </reporter-output>
        </test-method> <!-- adactin -->
      </class> <!-- testOutput.TC_Adactin_101 -->
    </test> <!-- Default test -->
  </suite> <!-- Default suite -->
</testng-results>
